{"meta": {"format": 3, "version": "7.13.1", "timestamp": "2026-01-16T19:44:29.242624", "branch_coverage": true, "show_contexts": false}, "files": {"core/runtime.py": {"executed_lines": [8, 9, 10, 11, 12, 13, 14, 15, 18, 19, 20, 23, 24, 25, 26, 27, 28, 74, 75, 76, 77, 78, 79, 80, 81, 82, 83, 86, 89, 90, 92, 93, 103, 104, 105, 108, 109, 117, 122, 123, 124, 125, 126, 129, 137, 142, 144, 145, 146, 147, 148, 149, 150, 151, 152, 153, 154, 156, 157, 158, 159, 162, 163, 166, 167, 168, 169, 170, 171, 172, 175, 176, 178, 179, 180, 181, 182, 183, 190, 191, 196, 197, 198, 199, 209, 210, 211, 212, 213, 214, 217, 252, 257, 259, 260, 261, 273, 274, 275, 276, 277, 279, 284, 286, 287, 288, 295, 298, 304, 308, 310, 311, 312, 313, 315, 316, 318, 319, 320, 321, 322, 325, 326, 327, 328, 329, 331, 336, 338, 339, 341, 343, 344, 345, 346, 347, 349, 350, 351, 352, 353, 354, 355, 357, 358, 359, 360, 361, 362, 364, 365, 366, 373, 374, 375, 376, 377, 378, 379, 380, 381, 383, 384, 385, 386, 388, 389, 390, 391, 392, 394, 395, 396, 397, 401, 402, 405, 406, 407, 408, 409, 411, 455, 504, 514, 534, 569, 586, 596, 601, 604, 608, 609, 612, 613, 614, 615, 616, 619, 620, 621, 622, 623, 624, 626, 634, 637, 638, 639, 641, 642, 644, 645, 646, 647, 650, 653, 656, 659, 662, 665, 666, 667, 668, 669, 672, 673, 674, 675, 676, 677, 678, 679, 680, 684, 703, 721, 752, 770, 776, 777, 778, 781, 785, 838, 853, 854, 859, 860, 861, 862, 863, 864, 865, 866, 867, 868, 869, 870, 873, 878, 879, 881, 882, 883, 884, 885, 886, 887, 888, 889, 892], "summary": {"covered_lines": 272, "num_statements": 566, "percent_covered": 44.93150684931507, "percent_covered_display": "45", "missing_lines": 294, "excluded_lines": 0, "percent_statements_covered": 48.0565371024735, "percent_statements_covered_display": "48", "num_branches": 164, "num_partial_branches": 14, "covered_branches": 56, "missing_branches": 108, "percent_branches_covered": 34.146341463414636, "percent_branches_covered_display": "34"}, "missing_lines": [21, 29, 30, 31, 32, 33, 34, 35, 36, 37, 38, 39, 40, 41, 42, 43, 44, 45, 46, 47, 48, 49, 50, 51, 52, 53, 54, 55, 56, 57, 58, 59, 60, 61, 62, 63, 64, 65, 66, 67, 68, 69, 70, 71, 94, 95, 96, 98, 99, 100, 101, 119, 177, 184, 216, 219, 220, 221, 222, 223, 224, 225, 226, 227, 228, 234, 235, 239, 240, 241, 242, 243, 244, 245, 246, 247, 248, 250, 268, 269, 270, 271, 272, 324, 340, 404, 416, 418, 420, 421, 422, 423, 424, 425, 426, 427, 429, 430, 431, 432, 435, 436, 437, 438, 439, 440, 441, 442, 444, 445, 446, 447, 449, 450, 451, 452, 453, 460, 462, 463, 464, 471, 474, 479, 483, 485, 486, 487, 488, 490, 491, 493, 494, 495, 496, 498, 499, 500, 501, 502, 509, 510, 511, 512, 519, 520, 521, 528, 529, 530, 531, 532, 539, 540, 541, 548, 551, 555, 556, 557, 558, 559, 560, 562, 563, 564, 565, 566, 567, 574, 575, 577, 578, 579, 580, 581, 582, 584, 591, 592, 593, 594, 682, 689, 692, 693, 694, 695, 696, 697, 698, 699, 701, 708, 709, 712, 713, 714, 715, 716, 717, 718, 722, 723, 724, 725, 726, 731, 732, 733, 734, 739, 740, 745, 753, 754, 755, 756, 757, 762, 763, 764, 765, 766, 767, 768, 783, 792, 793, 794, 795, 796, 798, 799, 800, 801, 802, 803, 804, 806, 807, 808, 809, 810, 811, 812, 814, 815, 816, 817, 818, 819, 820, 822, 823, 824, 825, 826, 827, 828, 830, 831, 832, 833, 834, 835, 836, 844, 845, 846, 847, 848, 849, 850, 855, 856, 857, 858, 890, 893, 894, 895, 896, 897, 898, 899, 900, 901, 902, 903, 904, 905, 906, 907], "excluded_lines": [], "executed_branches": [[20, 23], [74, 75], [146, 147], [146, 156], [147, 146], [147, 148], [148, 149], [148, 150], [150, 151], [150, 152], [152, 153], [156, 157], [156, 162], [168, 169], [168, 170], [170, 171], [170, 172], [176, 178], [178, 179], [178, 181], [182, 183], [182, 196], [183, 190], [197, 198], [197, 199], [209, 210], [210, 211], [210, 214], [211, 210], [211, 212], [311, 312], [311, 315], [312, 311], [312, 313], [318, 319], [339, 341], [343, 344], [343, 349], [358, 359], [358, 364], [375, 376], [375, 383], [388, 389], [388, 394], [395, 396], [619, 620], [619, 622], [622, 623], [622, 626], [673, 674], [675, 676], [676, 675], [676, 677], [854, 859], [879, 881], [892, -1]], "missing_branches": [[20, 21], [32, -32], [32, 33], [33, -33], [33, 34], [34, -34], [34, 35], [35, -35], [35, -31], [36, -36], [36, 37], [37, -37], [37, 38], [38, -38], [38, 39], [39, -39], [39, 40], [42, -42], [42, 43], [43, -43], [43, 44], [44, -44], [44, 45], [45, -45], [45, 46], [46, -46], [46, 47], [47, -47], [47, 48], [48, -48], [48, 49], [49, -49], [49, -41], [52, -52], [52, 53], [53, -53], [53, 54], [54, -54], [54, -51], [74, 98], [99, 100], [99, 103], [152, 154], [176, 177], [183, 184], [209, 214], [220, 221], [220, 223], [223, 224], [223, 226], [226, 227], [226, 239], [227, 228], [227, 234], [240, 241], [240, 243], [243, 244], [243, 246], [246, 247], [246, 250], [318, 324], [339, 340], [395, 404], [421, 422], [421, 429], [429, 430], [429, 435], [436, 437], [436, 444], [444, 445], [444, 449], [486, 487], [486, 490], [487, 486], [487, 488], [493, 494], [493, 498], [509, -504], [509, 510], [555, 556], [555, 562], [579, 580], [579, 584], [591, -586], [591, 592], [673, 682], [675, 682], [692, 693], [692, 701], [693, 694], [693, 699], [712, 713], [712, 714], [714, 715], [714, 716], [725, 726], [725, 731], [739, 740], [739, 745], [762, 763], [762, 768], [854, 855], [856, -856], [856, 857], [857, -857], [857, -855], [879, 886], [892, 893]], "functions": {"_allow_weak_test_credentials": {"executed_lines": [109], "summary": {"covered_lines": 1, "num_statements": 1, "percent_covered": 100.0, "percent_covered_display": "100", "missing_lines": 0, "excluded_lines": 0, "percent_statements_covered": 100.0, "percent_statements_covered_display": "100", "num_branches": 0, "num_partial_branches": 0, "covered_branches": 0, "missing_branches": 0, "percent_branches_covered": 100.0, "percent_branches_covered_display": "100"}, "missing_lines": [], "excluded_lines": [], "start_line": 108, "executed_branches": [], "missing_branches": []}, "shutdown_handler": {"executed_lines": [], "summary": {"covered_lines": 0, "num_statements": 1, "percent_covered": 0.0, "percent_covered_display": "0", "missing_lines": 1, "excluded_lines": 0, "percent_statements_covered": 0.0, "percent_statements_covered_display": "0", "num_branches": 0, "num_partial_branches": 0, "covered_branches": 0, "missing_branches": 0, "percent_branches_covered": 100.0, "percent_branches_covered_display": "100"}, "missing_lines": [119], "excluded_lines": [], "start_line": 117, "executed_branches": [], "missing_branches": []}, "_validate_environment": {"executed_lines": [142, 144, 145, 146, 147, 148, 149, 150, 151, 152, 153, 154, 156, 157, 158, 159, 162, 163, 166, 167, 168, 169, 170, 171, 172, 175, 176, 178, 179, 180, 181, 182, 183, 190, 191, 196, 197, 198, 199, 209, 210, 211, 212, 213, 214, 217], "summary": {"covered_lines": 46, "num_statements": 72, "percent_covered": 62.71186440677966, "percent_covered_display": "63", "missing_lines": 26, "excluded_lines": 0, "percent_statements_covered": 63.888888888888886, "percent_statements_covered_display": "64", "num_branches": 46, "num_partial_branches": 4, "covered_branches": 28, "missing_branches": 18, "percent_branches_covered": 60.869565217391305, "percent_branches_covered_display": "61"}, "missing_lines": [177, 184, 216, 219, 220, 221, 222, 223, 224, 225, 226, 227, 228, 234, 235, 239, 240, 241, 242, 243, 244, 245, 246, 247, 248, 250], "excluded_lines": [], "start_line": 137, "executed_branches": [[146, 147], [146, 156], [147, 146], [147, 148], [148, 149], [148, 150], [150, 151], [150, 152], [152, 153], [156, 157], [156, 162], [168, 169], [168, 170], [170, 171], [170, 172], [176, 178], [178, 179], [178, 181], [182, 183], [182, 196], [183, 190], [197, 198], [197, 199], [209, 210], [210, 211], [210, 214], [211, 210], [211, 212]], "missing_branches": [[152, 154], [176, 177], [183, 184], [209, 214], [220, 221], [220, 223], [223, 224], [223, 226], [226, 227], [226, 239], [227, 228], [227, 234], [240, 241], [240, 243], [243, 244], [243, 246], [246, 247], [246, 250]]}, "_validate_db_connectivity": {"executed_lines": [257, 259, 260, 261, 273, 274, 275, 276, 277], "summary": {"covered_lines": 9, "num_statements": 14, "percent_covered": 64.28571428571429, "percent_covered_display": "64", "missing_lines": 5, "excluded_lines": 0, "percent_statements_covered": 64.28571428571429, "percent_statements_covered_display": "64", "num_branches": 0, "num_partial_branches": 0, "covered_branches": 0, "missing_branches": 0, "percent_branches_covered": 100.0, "percent_branches_covered_display": "100"}, "missing_lines": [268, 269, 270, 271, 272], "excluded_lines": [], "start_line": 252, "executed_branches": [], "missing_branches": []}, "_validate_schema_presence": {"executed_lines": [284, 286, 287, 288, 295, 298, 304, 308, 310, 311, 312, 313, 315, 316, 318, 319, 320, 321, 322, 325, 326, 327, 328, 329], "summary": {"covered_lines": 24, "num_statements": 25, "percent_covered": 93.54838709677419, "percent_covered_display": "94", "missing_lines": 1, "excluded_lines": 0, "percent_statements_covered": 96.0, "percent_statements_covered_display": "96", "num_branches": 6, "num_partial_branches": 1, "covered_branches": 5, "missing_branches": 1, "percent_branches_covered": 83.33333333333333, "percent_branches_covered_display": "83"}, "missing_lines": [324], "excluded_lines": [], "start_line": 279, "executed_branches": [[311, 312], [311, 315], [312, 311], [312, 313], [318, 319]], "missing_branches": [[318, 324]]}, "_validate_schema_version": {"executed_lines": [336, 338, 339, 341, 343, 344, 345, 346, 347, 349, 350, 351, 352, 353, 354, 355, 357, 358, 359, 360, 361, 362, 364, 365, 366, 373, 374, 375, 376, 377, 378, 379, 380, 381, 383, 384, 385, 386, 388, 389, 390, 391, 392, 394, 395, 396, 397, 401, 402, 405, 406, 407, 408, 409], "summary": {"covered_lines": 54, "num_statements": 56, "percent_covered": 94.11764705882354, "percent_covered_display": "94", "missing_lines": 2, "excluded_lines": 0, "percent_statements_covered": 96.42857142857143, "percent_statements_covered_display": "96", "num_branches": 12, "num_partial_branches": 2, "covered_branches": 10, "missing_branches": 2, "percent_branches_covered": 83.33333333333333, "percent_branches_covered_display": "83"}, "missing_lines": [340, 404], "excluded_lines": [], "start_line": 331, "executed_branches": [[339, 341], [343, 344], [343, 349], [358, 359], [358, 364], [375, 376], [375, 383], [388, 389], [388, 394], [395, 396]], "missing_branches": [[339, 340], [395, 404]]}, "_validate_write_permissions": {"executed_lines": [], "summary": {"covered_lines": 0, "num_statements": 31, "percent_covered": 0.0, "percent_covered_display": "0", "missing_lines": 31, "excluded_lines": 0, "percent_statements_covered": 0.0, "percent_statements_covered_display": "0", "num_branches": 8, "num_partial_branches": 0, "covered_branches": 0, "missing_branches": 8, "percent_branches_covered": 0.0, "percent_branches_covered_display": "0"}, "missing_lines": [416, 418, 420, 421, 422, 423, 424, 425, 426, 427, 429, 430, 431, 432, 435, 436, 437, 438, 439, 440, 441, 442, 444, 445, 446, 447, 449, 450, 451, 452, 453], "excluded_lines": [], "start_line": 411, "executed_branches": [], "missing_branches": [[421, 422], [421, 429], [429, 430], [429, 435], [436, 437], [436, 444], [444, 445], [444, 449]]}, "_validate_readonly_enforcement": {"executed_lines": [], "summary": {"covered_lines": 0, "num_statements": 23, "percent_covered": 0.0, "percent_covered_display": "0", "missing_lines": 23, "excluded_lines": 0, "percent_statements_covered": 0.0, "percent_statements_covered_display": "0", "num_branches": 6, "num_partial_branches": 0, "covered_branches": 0, "missing_branches": 6, "percent_branches_covered": 0.0, "percent_branches_covered_display": "0"}, "missing_lines": [460, 462, 463, 464, 471, 474, 479, 483, 485, 486, 487, 488, 490, 491, 493, 494, 495, 496, 498, 499, 500, 501, 502], "excluded_lines": [], "start_line": 455, "executed_branches": [], "missing_branches": [[486, 487], [486, 490], [487, 486], [487, 488], [493, 494], [493, 498]]}, "_invariant_check_missing_env": {"executed_lines": [], "summary": {"covered_lines": 0, "num_statements": 4, "percent_covered": 0.0, "percent_covered_display": "0", "missing_lines": 4, "excluded_lines": 0, "percent_statements_covered": 0.0, "percent_statements_covered_display": "0", "num_branches": 2, "num_partial_branches": 0, "covered_branches": 0, "missing_branches": 2, "percent_branches_covered": 0.0, "percent_branches_covered_display": "0"}, "missing_lines": [509, 510, 511, 512], "excluded_lines": [], "start_line": 504, "executed_branches": [], "missing_branches": [[509, -504], [509, 510]]}, "_invariant_check_db_connection": {"executed_lines": [], "summary": {"covered_lines": 0, "num_statements": 8, "percent_covered": 0.0, "percent_covered_display": "0", "missing_lines": 8, "excluded_lines": 0, "percent_statements_covered": 0.0, "percent_statements_covered_display": "0", "num_branches": 0, "num_partial_branches": 0, "covered_branches": 0, "missing_branches": 0, "percent_branches_covered": 100.0, "percent_branches_covered_display": "100"}, "missing_lines": [519, 520, 521, 528, 529, 530, 531, 532], "excluded_lines": [], "start_line": 514, "executed_branches": [], "missing_branches": []}, "_invariant_check_schema_mismatch": {"executed_lines": [], "summary": {"covered_lines": 0, "num_statements": 17, "percent_covered": 0.0, "percent_covered_display": "0", "missing_lines": 17, "excluded_lines": 0, "percent_statements_covered": 0.0, "percent_statements_covered_display": "0", "num_branches": 2, "num_partial_branches": 0, "covered_branches": 0, "missing_branches": 2, "percent_branches_covered": 0.0, "percent_branches_covered_display": "0"}, "missing_lines": [539, 540, 541, 548, 551, 555, 556, 557, 558, 559, 560, 562, 563, 564, 565, 566, 567], "excluded_lines": [], "start_line": 534, "executed_branches": [], "missing_branches": [[555, 556], [555, 562]]}, "_invariant_check_duplicate_incident": {"executed_lines": [], "summary": {"covered_lines": 0, "num_statements": 9, "percent_covered": 0.0, "percent_covered_display": "0", "missing_lines": 9, "excluded_lines": 0, "percent_statements_covered": 0.0, "percent_statements_covered_display": "0", "num_branches": 2, "num_partial_branches": 0, "covered_branches": 0, "missing_branches": 2, "percent_branches_covered": 0.0, "percent_branches_covered_display": "0"}, "missing_lines": [574, 575, 577, 578, 579, 580, 581, 582, 584], "excluded_lines": [], "start_line": 569, "executed_branches": [], "missing_branches": [[579, 580], [579, 584]]}, "_invariant_check_unauthorized_write": {"executed_lines": [], "summary": {"covered_lines": 0, "num_statements": 4, "percent_covered": 0.0, "percent_covered_display": "0", "missing_lines": 4, "excluded_lines": 0, "percent_statements_covered": 0.0, "percent_statements_covered_display": "0", "num_branches": 2, "num_partial_branches": 0, "covered_branches": 0, "missing_branches": 2, "percent_branches_covered": 0.0, "percent_branches_covered_display": "0"}, "missing_lines": [591, 592, 593, 594], "excluded_lines": [], "start_line": 586, "executed_branches": [], "missing_branches": [[591, -586], [591, 592]]}, "_core_startup_validation": {"executed_lines": [601, 604, 608, 609, 612, 613, 614, 615, 616, 619, 620, 621, 622, 623, 624, 626, 634, 637, 638, 639, 641, 642, 644, 645, 646, 647, 650, 653, 656, 659, 662, 665, 666, 667, 668, 669, 672, 673, 674, 675, 676, 677, 678, 679, 680], "summary": {"covered_lines": 45, "num_statements": 46, "percent_covered": 94.64285714285714, "percent_covered_display": "95", "missing_lines": 1, "excluded_lines": 0, "percent_statements_covered": 97.82608695652173, "percent_statements_covered_display": "98", "num_branches": 10, "num_partial_branches": 2, "covered_branches": 8, "missing_branches": 2, "percent_branches_covered": 80.0, "percent_branches_covered_display": "80"}, "missing_lines": [682], "excluded_lines": [], "start_line": 596, "executed_branches": [[619, 620], [619, 622], [622, 623], [622, 626], [673, 674], [675, 676], [676, 675], [676, 677]], "missing_branches": [[673, 682], [675, 682]]}, "_core_cleanup": {"executed_lines": [], "summary": {"covered_lines": 0, "num_statements": 10, "percent_covered": 0.0, "percent_covered_display": "0", "missing_lines": 10, "excluded_lines": 0, "percent_statements_covered": 0.0, "percent_statements_covered_display": "0", "num_branches": 4, "num_partial_branches": 0, "covered_branches": 0, "missing_branches": 4, "percent_branches_covered": 0.0, "percent_branches_covered_display": "0"}, "missing_lines": [689, 692, 693, 694, 695, 696, 697, 698, 699, 701], "excluded_lines": [], "start_line": 684, "executed_branches": [], "missing_branches": [[692, 693], [692, 701], [693, 694], [693, 699]]}, "_signal_handler": {"executed_lines": [], "summary": {"covered_lines": 0, "num_statements": 9, "percent_covered": 0.0, "percent_covered_display": "0", "missing_lines": 9, "excluded_lines": 0, "percent_statements_covered": 0.0, "percent_statements_covered_display": "0", "num_branches": 4, "num_partial_branches": 0, "covered_branches": 0, "missing_branches": 4, "percent_branches_covered": 0.0, "percent_branches_covered_display": "0"}, "missing_lines": [708, 709, 712, 713, 714, 715, 716, 717, 718], "excluded_lines": [], "start_line": 703, "executed_branches": [], "missing_branches": [[712, 713], [712, 714], [714, 715], [714, 716]]}, "_load_core_fatal_event": {"executed_lines": [], "summary": {"covered_lines": 0, "num_statements": 12, "percent_covered": 0.0, "percent_covered_display": "0", "missing_lines": 12, "excluded_lines": 0, "percent_statements_covered": 0.0, "percent_statements_covered_display": "0", "num_branches": 4, "num_partial_branches": 0, "covered_branches": 0, "missing_branches": 4, "percent_branches_covered": 0.0, "percent_branches_covered_display": "0"}, "missing_lines": [722, 723, 724, 725, 726, 731, 732, 733, 734, 739, 740, 745], "excluded_lines": [], "start_line": 721, "executed_branches": [], "missing_branches": [[725, 726], [725, 731], [739, 740], [739, 745]]}, "_fatal_signal_handler": {"executed_lines": [], "summary": {"covered_lines": 0, "num_statements": 12, "percent_covered": 0.0, "percent_covered_display": "0", "missing_lines": 12, "excluded_lines": 0, "percent_statements_covered": 0.0, "percent_statements_covered_display": "0", "num_branches": 2, "num_partial_branches": 0, "covered_branches": 0, "missing_branches": 2, "percent_branches_covered": 0.0, "percent_branches_covered_display": "0"}, "missing_lines": [753, 754, 755, 756, 757, 762, 763, 764, 765, 766, 767, 768], "excluded_lines": [], "start_line": 752, "executed_branches": [], "missing_branches": [[762, 763], [762, 768]]}, "_initialize_core": {"executed_lines": [776, 777, 778, 781], "summary": {"covered_lines": 4, "num_statements": 5, "percent_covered": 80.0, "percent_covered_display": "80", "missing_lines": 1, "excluded_lines": 0, "percent_statements_covered": 80.0, "percent_statements_covered_display": "80", "num_branches": 0, "num_partial_branches": 0, "covered_branches": 0, "missing_branches": 0, "percent_branches_covered": 100.0, "percent_branches_covered_display": "100"}, "missing_lines": [783], "excluded_lines": [], "start_line": 770, "executed_branches": [], "missing_branches": []}, "_load_component_modules": {"executed_lines": [], "summary": {"covered_lines": 0, "num_statements": 40, "percent_covered": 0.0, "percent_covered_display": "0", "missing_lines": 40, "excluded_lines": 0, "percent_statements_covered": 0.0, "percent_statements_covered_display": "0", "num_branches": 0, "num_partial_branches": 0, "covered_branches": 0, "missing_branches": 0, "percent_branches_covered": 100.0, "percent_branches_covered_display": "100"}, "missing_lines": [792, 793, 794, 795, 796, 798, 799, 800, 801, 802, 803, 804, 806, 807, 808, 809, 810, 811, 812, 814, 815, 816, 817, 818, 819, 820, 822, 823, 824, 825, 826, 827, 828, 830, 831, 832, 833, 834, 835, 836], "excluded_lines": [], "start_line": 785, "executed_branches": [], "missing_branches": []}, "run_core": {"executed_lines": [], "summary": {"covered_lines": 0, "num_statements": 7, "percent_covered": 0.0, "percent_covered_display": "0", "missing_lines": 7, "excluded_lines": 0, "percent_statements_covered": 0.0, "percent_statements_covered_display": "0", "num_branches": 0, "num_partial_branches": 0, "covered_branches": 0, "missing_branches": 0, "percent_branches_covered": 100.0, "percent_branches_covered_display": "100"}, "missing_lines": [844, 845, 846, 847, 848, 849, 850], "excluded_lines": [], "start_line": 838, "executed_branches": [], "missing_branches": []}, "_temporary_env": {"executed_lines": [854, 859, 860, 863, 866, 870], "summary": {"covered_lines": 6, "num_statements": 8, "percent_covered": 70.0, "percent_covered_display": "70", "missing_lines": 2, "excluded_lines": 0, "percent_statements_covered": 75.0, "percent_statements_covered_display": "75", "num_branches": 2, "num_partial_branches": 1, "covered_branches": 1, "missing_branches": 1, "percent_branches_covered": 50.0, "percent_branches_covered_display": "50"}, "missing_lines": [855, 858], "excluded_lines": [], "start_line": 853, "executed_branches": [[854, 859]], "missing_branches": [[854, 855]]}, "_temporary_env._Noop.__enter__": {"executed_lines": [], "summary": {"covered_lines": 0, "num_statements": 1, "percent_covered": 0.0, "percent_covered_display": "0", "missing_lines": 1, "excluded_lines": 0, "percent_statements_covered": 0.0, "percent_statements_covered_display": "0", "num_branches": 2, "num_partial_branches": 0, "covered_branches": 0, "missing_branches": 2, "percent_branches_covered": 0.0, "percent_branches_covered_display": "0"}, "missing_lines": [856], "excluded_lines": [], "start_line": 856, "executed_branches": [], "missing_branches": [[856, -856], [856, 857]]}, "_temporary_env._Noop.__exit__": {"executed_lines": [], "summary": {"covered_lines": 0, "num_statements": 1, "percent_covered": 0.0, "percent_covered_display": "0", "missing_lines": 1, "excluded_lines": 0, "percent_statements_covered": 0.0, "percent_statements_covered_display": "0", "num_branches": 2, "num_partial_branches": 0, "covered_branches": 0, "missing_branches": 2, "percent_branches_covered": 0.0, "percent_branches_covered_display": "0"}, "missing_lines": [857], "excluded_lines": [], "start_line": 857, "executed_branches": [], "missing_branches": [[857, -857], [857, -855]]}, "_temporary_env._Env.__init__": {"executed_lines": [861, 862], "summary": {"covered_lines": 2, "num_statements": 2, "percent_covered": 100.0, "percent_covered_display": "100", "missing_lines": 0, "excluded_lines": 0, "percent_statements_covered": 100.0, "percent_statements_covered_display": "100", "num_branches": 0, "num_partial_branches": 0, "covered_branches": 0, "missing_branches": 0, "percent_branches_covered": 100.0, "percent_branches_covered_display": "100"}, "missing_lines": [], "excluded_lines": [], "start_line": 860, "executed_branches": [], "missing_branches": []}, "_temporary_env._Env.__enter__": {"executed_lines": [864, 865], "summary": {"covered_lines": 2, "num_statements": 2, "percent_covered": 100.0, "percent_covered_display": "100", "missing_lines": 0, "excluded_lines": 0, "percent_statements_covered": 100.0, "percent_statements_covered_display": "100", "num_branches": 0, "num_partial_branches": 0, "covered_branches": 0, "missing_branches": 0, "percent_branches_covered": 100.0, "percent_branches_covered_display": "100"}, "missing_lines": [], "excluded_lines": [], "start_line": 863, "executed_branches": [], "missing_branches": []}, "_temporary_env._Env.__exit__": {"executed_lines": [867, 868, 869], "summary": {"covered_lines": 3, "num_statements": 3, "percent_covered": 100.0, "percent_covered_display": "100", "missing_lines": 0, "excluded_lines": 0, "percent_statements_covered": 100.0, "percent_statements_covered_display": "100", "num_branches": 0, "num_partial_branches": 0, "covered_branches": 0, "missing_branches": 0, "percent_branches_covered": 100.0, "percent_branches_covered_display": "100"}, "missing_lines": [], "excluded_lines": [], "start_line": 866, "executed_branches": [], "missing_branches": []}, "run_startup_sequence": {"executed_lines": [878, 879, 881, 882, 883, 884, 885, 886, 887, 888, 889], "summary": {"covered_lines": 11, "num_statements": 12, "percent_covered": 85.71428571428571, "percent_covered_display": "86", "missing_lines": 1, "excluded_lines": 0, "percent_statements_covered": 91.66666666666667, "percent_statements_covered_display": "92", "num_branches": 2, "num_partial_branches": 1, "covered_branches": 1, "missing_branches": 1, "percent_branches_covered": 50.0, "percent_branches_covered_display": "50"}, "missing_lines": [890], "excluded_lines": [], "start_line": 873, "executed_branches": [[879, 881]], "missing_branches": [[879, 886]]}, "": {"executed_lines": [8, 9, 10, 11, 12, 13, 14, 15, 18, 19, 20, 23, 24, 25, 26, 27, 28, 74, 75, 76, 77, 78, 79, 80, 81, 82, 83, 86, 89, 90, 92, 93, 103, 104, 105, 108, 117, 122, 123, 124, 125, 126, 129, 137, 252, 279, 331, 411, 455, 504, 514, 534, 569, 586, 596, 684, 703, 721, 752, 770, 785, 838, 853, 873, 892], "summary": {"covered_lines": 65, "num_statements": 131, "percent_covered": 38.4180790960452, "percent_covered_display": "38", "missing_lines": 66, "excluded_lines": 0, "percent_statements_covered": 49.61832061068702, "percent_statements_covered_display": "50", "num_branches": 46, "num_partial_branches": 3, "covered_branches": 3, "missing_branches": 43, "percent_branches_covered": 6.521739130434782, "percent_branches_covered_display": "7"}, "missing_lines": [21, 29, 30, 31, 32, 33, 34, 35, 36, 37, 38, 39, 40, 41, 42, 43, 44, 45, 46, 47, 48, 49, 50, 51, 52, 53, 54, 55, 56, 57, 58, 59, 60, 61, 62, 63, 64, 65, 66, 67, 68, 69, 70, 71, 94, 95, 96, 98, 99, 100, 101, 893, 894, 895, 896, 897, 898, 899, 900, 901, 902, 903, 904, 905, 906, 907], "excluded_lines": [], "start_line": 1, "executed_branches": [[20, 23], [74, 75], [892, -1]], "missing_branches": [[20, 21], [32, -32], [32, 33], [33, -33], [33, 34], [34, -34], [34, 35], [35, -35], [35, -31], [36, -36], [36, 37], [37, -37], [37, 38], [38, -38], [38, 39], [39, -39], [39, 40], [42, -42], [42, 43], [43, -43], [43, 44], [44, -44], [44, 45], [45, -45], [45, 46], [46, -46], [46, 47], [47, -47], [47, 48], [48, -48], [48, 49], [49, -49], [49, -41], [52, -52], [52, 53], [53, -53], [53, 54], [54, -54], [54, -51], [74, 98], [99, 100], [99, 103], [892, 893]]}}, "classes": {"_temporary_env._Noop": {"executed_lines": [], "summary": {"covered_lines": 0, "num_statements": 2, "percent_covered": 0.0, "percent_covered_display": "0", "missing_lines": 2, "excluded_lines": 0, "percent_statements_covered": 0.0, "percent_statements_covered_display": "0", "num_branches": 4, "num_partial_branches": 0, "covered_branches": 0, "missing_branches": 4, "percent_branches_covered": 0.0, "percent_branches_covered_display": "0"}, "missing_lines": [856, 857], "excluded_lines": [], "start_line": 855, "executed_branches": [], "missing_branches": [[856, -856], [856, 857], [857, -857], [857, -855]]}, "_temporary_env._Env": {"executed_lines": [861, 862, 864, 865, 867, 868, 869], "summary": {"covered_lines": 7, "num_statements": 7, "percent_covered": 100.0, "percent_covered_display": "100", "missing_lines": 0, "excluded_lines": 0, "percent_statements_covered": 100.0, "percent_statements_covered_display": "100", "num_branches": 0, "num_partial_branches": 0, "covered_branches": 0, "missing_branches": 0, "percent_branches_covered": 100.0, "percent_branches_covered_display": "100"}, "missing_lines": [], "excluded_lines": [], "start_line": 859, "executed_branches": [], "missing_branches": []}, "": {"executed_lines": [8, 9, 10, 11, 12, 13, 14, 15, 18, 19, 20, 23, 24, 25, 26, 27, 28, 74, 75, 76, 77, 78, 79, 80, 81, 82, 83, 86, 89, 90, 92, 93, 103, 104, 105, 108, 109, 117, 122, 123, 124, 125, 126, 129, 137, 142, 144, 145, 146, 147, 148, 149, 150, 151, 152, 153, 154, 156, 157, 158, 159, 162, 163, 166, 167, 168, 169, 170, 171, 172, 175, 176, 178, 179, 180, 181, 182, 183, 190, 191, 196, 197, 198, 199, 209, 210, 211, 212, 213, 214, 217, 252, 257, 259, 260, 261, 273, 274, 275, 276, 277, 279, 284, 286, 287, 288, 295, 298, 304, 308, 310, 311, 312, 313, 315, 316, 318, 319, 320, 321, 322, 325, 326, 327, 328, 329, 331, 336, 338, 339, 341, 343, 344, 345, 346, 347, 349, 350, 351, 352, 353, 354, 355, 357, 358, 359, 360, 361, 362, 364, 365, 366, 373, 374, 375, 376, 377, 378, 379, 380, 381, 383, 384, 385, 386, 388, 389, 390, 391, 392, 394, 395, 396, 397, 401, 402, 405, 406, 407, 408, 409, 411, 455, 504, 514, 534, 569, 586, 596, 601, 604, 608, 609, 612, 613, 614, 615, 616, 619, 620, 621, 622, 623, 624, 626, 634, 637, 638, 639, 641, 642, 644, 645, 646, 647, 650, 653, 656, 659, 662, 665, 666, 667, 668, 669, 672, 673, 674, 675, 676, 677, 678, 679, 680, 684, 703, 721, 752, 770, 776, 777, 778, 781, 785, 838, 853, 854, 859, 860, 863, 866, 870, 873, 878, 879, 881, 882, 883, 884, 885, 886, 887, 888, 889, 892], "summary": {"covered_lines": 265, "num_statements": 557, "percent_covered": 44.76987447698745, "percent_covered_display": "45", "missing_lines": 292, "excluded_lines": 0, "percent_statements_covered": 47.576301615798926, "percent_statements_covered_display": "48", "num_branches": 160, "num_partial_branches": 14, "covered_branches": 56, "missing_branches": 104, "percent_branches_covered": 35.0, "percent_branches_covered_display": "35"}, "missing_lines": [21, 29, 30, 31, 32, 33, 34, 35, 36, 37, 38, 39, 40, 41, 42, 43, 44, 45, 46, 47, 48, 49, 50, 51, 52, 53, 54, 55, 56, 57, 58, 59, 60, 61, 62, 63, 64, 65, 66, 67, 68, 69, 70, 71, 94, 95, 96, 98, 99, 100, 101, 119, 177, 184, 216, 219, 220, 221, 222, 223, 224, 225, 226, 227, 228, 234, 235, 239, 240, 241, 242, 243, 244, 245, 246, 247, 248, 250, 268, 269, 270, 271, 272, 324, 340, 404, 416, 418, 420, 421, 422, 423, 424, 425, 426, 427, 429, 430, 431, 432, 435, 436, 437, 438, 439, 440, 441, 442, 444, 445, 446, 447, 449, 450, 451, 452, 453, 460, 462, 463, 464, 471, 474, 479, 483, 485, 486, 487, 488, 490, 491, 493, 494, 495, 496, 498, 499, 500, 501, 502, 509, 510, 511, 512, 519, 520, 521, 528, 529, 530, 531, 532, 539, 540, 541, 548, 551, 555, 556, 557, 558, 559, 560, 562, 563, 564, 565, 566, 567, 574, 575, 577, 578, 579, 580, 581, 582, 584, 591, 592, 593, 594, 682, 689, 692, 693, 694, 695, 696, 697, 698, 699, 701, 708, 709, 712, 713, 714, 715, 716, 717, 718, 722, 723, 724, 725, 726, 731, 732, 733, 734, 739, 740, 745, 753, 754, 755, 756, 757, 762, 763, 764, 765, 766, 767, 768, 783, 792, 793, 794, 795, 796, 798, 799, 800, 801, 802, 803, 804, 806, 807, 808, 809, 810, 811, 812, 814, 815, 816, 817, 818, 819, 820, 822, 823, 824, 825, 826, 827, 828, 830, 831, 832, 833, 834, 835, 836, 844, 845, 846, 847, 848, 849, 850, 855, 858, 890, 893, 894, 895, 896, 897, 898, 899, 900, 901, 902, 903, 904, 905, 906, 907], "excluded_lines": [], "start_line": 1, "executed_branches": [[20, 23], [74, 75], [146, 147], [146, 156], [147, 146], [147, 148], [148, 149], [148, 150], [150, 151], [150, 152], [152, 153], [156, 157], [156, 162], [168, 169], [168, 170], [170, 171], [170, 172], [176, 178], [178, 179], [178, 181], [182, 183], [182, 196], [183, 190], [197, 198], [197, 199], [209, 210], [210, 211], [210, 214], [211, 210], [211, 212], [311, 312], [311, 315], [312, 311], [312, 313], [318, 319], [339, 341], [343, 344], [343, 349], [358, 359], [358, 364], [375, 376], [375, 383], [388, 389], [388, 394], [395, 396], [619, 620], [619, 622], [622, 623], [622, 626], [673, 674], [675, 676], [676, 675], [676, 677], [854, 859], [879, 881], [892, -1]], "missing_branches": [[20, 21], [32, -32], [32, 33], [33, -33], [33, 34], [34, -34], [34, 35], [35, -35], [35, -31], [36, -36], [36, 37], [37, -37], [37, 38], [38, -38], [38, 39], [39, -39], [39, 40], [42, -42], [42, 43], [43, -43], [43, 44], [44, -44], [44, 45], [45, -45], [45, 46], [46, -46], [46, 47], [47, -47], [47, 48], [48, -48], [48, 49], [49, -49], [49, -41], [52, -52], [52, 53], [53, -53], [53, 54], [54, -54], [54, -51], [74, 98], [99, 100], [99, 103], [152, 154], [176, 177], [183, 184], [209, 214], [220, 221], [220, 223], [223, 224], [223, 226], [226, 227], [226, 239], [227, 228], [227, 234], [240, 241], [240, 243], [243, 244], [243, 246], [246, 247], [246, 250], [318, 324], [339, 340], [395, 404], [421, 422], [421, 429], [429, 430], [429, 435], [436, 437], [436, 444], [444, 445], [444, 449], [486, 487], [486, 490], [487, 486], [487, 488], [493, 494], [493, 498], [509, -504], [509, 510], [555, 556], [555, 562], [579, 580], [579, 584], [591, -586], [591, 592], [673, 682], [675, 682], [692, 693], [692, 701], [693, 694], [693, 699], [712, 713], [712, 714], [714, 715], [714, 716], [725, 726], [725, 731], [739, 740], [739, 745], [762, 763], [762, 768], [854, 855], [879, 886], [892, 893]]}}}}, "totals": {"covered_lines": 272, "num_statements": 566, "percent_covered": 44.93150684931507, "percent_covered_display": "45", "missing_lines": 294, "excluded_lines": 0, "percent_statements_covered": 48.0565371024735, "percent_statements_covered_display": "48", "num_branches": 164, "num_partial_branches": 14, "covered_branches": 56, "missing_branches": 108, "percent_branches_covered": 34.146341463414636, "percent_branches_covered_display": "34"}}